<?xml version="1.0" encoding="UTF-8"?>
<testng-results skipped="0" failed="0" ignored="0" total="1" passed="1">
  <reporter-output>
  </reporter-output>
  <suite name="Default suite" duration-ms="21709" started-at="2019-12-11T16:06:20Z" finished-at="2019-12-11T16:06:41Z">
    <groups>
    </groups>
    <test name="Default test" duration-ms="21709" started-at="2019-12-11T16:06:20Z" finished-at="2019-12-11T16:06:41Z">
      <class name="tests.ScrollInAction">
        <test-method status="PASS" signature="startEmelator()[pri:0, instance:tests.ScrollInAction@42d8062c]" name="startEmelator" is-config="true" duration-ms="24618" started-at="2019-12-11T16:05:55Z" finished-at="2019-12-11T16:06:20Z">
          <reporter-output>
          </reporter-output>
        </test-method> <!-- startEmelator -->
        <test-method status="PASS" signature="clickon()[pri:0, instance:tests.ScrollInAction@42d8062c]" name="clickon" duration-ms="21618" started-at="2019-12-11T16:06:20Z" finished-at="2019-12-11T16:06:41Z">
          <reporter-output>
          </reporter-output>
        </test-method> <!-- clickon -->
      </class> <!-- tests.ScrollInAction -->
    </test> <!-- Default test -->
  </suite> <!-- Default suite -->
</testng-results>
