<?xml version="1.0" encoding="UTF-8"?>
<testng-results skipped="0" failed="0" ignored="0" total="1" passed="1">
  <reporter-output>
  </reporter-output>
  <suite name="Default suite" duration-ms="5615" started-at="2020-01-30T15:29:40Z" finished-at="2020-01-30T15:29:46Z">
    <groups>
    </groups>
    <test name="Default test" duration-ms="5615" started-at="2020-01-30T15:29:40Z" finished-at="2020-01-30T15:29:46Z">
      <class name="tests.GoogleTestCase">
        <test-method status="PASS" signature="startEmelator()[pri:0, instance:tests.GoogleTestCase@543c6f6d]" name="startEmelator" is-config="true" duration-ms="22909" started-at="2020-01-30T15:29:17Z" finished-at="2020-01-30T15:29:40Z">
          <reporter-output>
          </reporter-output>
        </test-method> <!-- startEmelator -->
        <test-method status="PASS" signature="UserCanSearchIngoogleSuccessfully()[pri:0, instance:tests.GoogleTestCase@543c6f6d]" name="UserCanSearchIngoogleSuccessfully" duration-ms="5580" started-at="2020-01-30T15:29:40Z" finished-at="2020-01-30T15:29:46Z">
          <reporter-output>
          </reporter-output>
        </test-method> <!-- UserCanSearchIngoogleSuccessfully -->
      </class> <!-- tests.GoogleTestCase -->
    </test> <!-- Default test -->
  </suite> <!-- Default suite -->
</testng-results>
